#
# There is insufficient memory for the Java Runtime Environment to continue.
# Native memory allocation (mmap) failed to map 134217728 bytes for Failed to commit area from 0x0000000081c00000 to 0x0000000089c00000 of length 134217728.
# Possible reasons:
#   The system is out of physical RAM or swap space
#   The process is running with CompressedOops enabled, and the Java Heap may be blocking the growth of the native heap
# Possible solutions:
#   Reduce memory load on the system
#   Increase physical memory or swap space
#   Check if swap backing store is full
#   Decrease Java heap size (-Xmx/-Xms)
#   Decrease number of Java threads
#   Decrease Java thread stack sizes (-Xss)
#   Set larger code cache with -XX:ReservedCodeCacheSize=
#   JVM is running with Unscaled Compressed Oops mode in which the Java heap is
#     placed in the first 4GB address space. The Java Heap base address is the
#     maximum limit for the native heap growth. Please use -XX:HeapBaseMinAddress
#     to set the Java Heap base and to place the Java Heap above 4GB virtual address.
# This output file may be truncated or incomplete.
#
#  Out of Memory Error (./open/src/hotspot/os/windows/os_windows.cpp:3315), pid=12044, tid=2340
#
# JRE version:  (14.0.1+7) (build )
# Java VM: Java HotSpot(TM) 64-Bit Server VM (14.0.1+7, mixed mode, sharing, tiered, compressed oops, g1 gc, windows-amd64)
# No core dump will be written. Minidumps are not enabled by default on client versions of Windows
#

---------------  S U M M A R Y ------------

Command Line: -ea -Dfile.encoding=UTF-8 -XX:+ShowCodeDetailsInExceptionMessages org.eclipse.jdt.internal.junit.runner.RemoteTestRunner -version 3 -port 65458 -testLoaderClass org.eclipse.jdt.internal.junit5.runner.JUnit5TestLoader -loaderpluginname org.eclipse.jdt.junit5.runtime -classNames org.springframework.samples.petclinic.recoveryroom.Test4

Host: Intel(R) Core(TM) i5-7200U CPU @ 2.50GHz, 4 cores, 7G,  Windows 10 , 64 bit Build 19041 (10.0.19041.1348)
Time: Fri Jan 14 17:01:00 2022 Hora estándar romance elapsed time: 0 seconds (0d 0h 0m 0s)

---------------  T H R E A D  ---------------

Current thread (0x000001788c1bf800):  JavaThread "Unknown thread" [_thread_in_vm, id=2340, stack(0x00000066dd100000,0x00000066dd200000)]

Stack: [0x00000066dd100000,0x00000066dd200000]
Native frames: (J=compiled Java code, j=interpreted, Vv=VM code, C=native code)
V  [jvm.dll+0x5f840a]
V  [jvm.dll+0x741e4a]
V  [jvm.dll+0x7435ff]
V  [jvm.dll+0x743c43]
V  [jvm.dll+0x20d288]
V  [jvm.dll+0x5f57ba]
V  [jvm.dll+0x5ea615]
V  [jvm.dll+0x2c7e9c]
V  [jvm.dll+0x2c7cd2]
V  [jvm.dll+0x2cdbbc]
V  [jvm.dll+0x313ff8]
V  [jvm.dll+0x313720]
V  [jvm.dll+0x2a092a]
V  [jvm.dll+0x2a1a79]
V  [jvm.dll+0x71f718]
V  [jvm.dll+0x321c44]
V  [jvm.dll+0x700b0c]
V  [jvm.dll+0x392dff]
V  [jvm.dll+0x394e71]
C  [jli.dll+0x523b]
C  [ucrtbase.dll+0x21bb2]
C  [KERNEL32.DLL+0x17034]
C  [ntdll.dll+0x52651]


---------------  P R O C E S S  ---------------

Threads class SMR info:
_java_thread_list=0x00007fff64d63078, length=0, elements={
}

Java Threads: ( => current thread )

Other Threads:
  0x000001788c201800 GCTaskThread "GC Thread#0" [stack: 0x00000066dd200000,0x00000066dd300000] [id=12496]
  0x000001788c214000 ConcurrentGCThread "G1 Main Marker" [stack: 0x00000066dd300000,0x00000066dd400000] [id=5632]
  0x000001788c21b000 ConcurrentGCThread "G1 Conc#0" [stack: 0x00000066dd400000,0x00000066dd500000] [id=5840]

[error occurred during error reporting (printing all threads), id 0xc0000005, EXCEPTION_ACCESS_VIOLATION (0xc0000005) at pc=0x00007fff64591257]

VM state:not at safepoint (not fully initialized)

VM Mutex/Monitor currently owned by a thread:  ([mutex/lock_event])
[0x000001788c1bba00] Heap_lock - owner thread: 0x000001788c1bf800

Heap address: 0x0000000081c00000, size: 2020 MB, Compressed Oops mode: 32-bit
Narrow klass base: 0x0000000000000000, Narrow klass shift: 0

GC Heap History (0 events):
No events

Deoptimization events (0 events):
No events

Classes unloaded (0 events):
No events

Classes redefined (0 events):
No events

Internal exceptions (0 events):
No events

Events (2 events):
Event: 0.008 Loaded shared library C:\Program Files\Java\jdk-14.0.1\bin\java.dll
Event: 0.009 Loaded shared library C:\Program Files\Java\jdk-14.0.1\bin\zip.dll


Dynamic libraries:
0x00007ff67e520000 - 0x00007ff67e52f000 	C:\Program Files\Java\jdk-14.0.1\bin\javaw.exe
0x00007fff9c1b0000 - 0x00007fff9c3a5000 	C:\WINDOWS\SYSTEM32\ntdll.dll
0x00007fff9c0b0000 - 0x00007fff9c16e000 	C:\WINDOWS\System32\KERNEL32.DLL
0x00007fff998d0000 - 0x00007fff99b98000 	C:\WINDOWS\System32\KERNELBASE.dll
0x00007fff99f50000 - 0x00007fff9a050000 	C:\WINDOWS\System32\ucrtbase.dll
0x00007fff8d5a0000 - 0x00007fff8d5b8000 	C:\Program Files\Java\jdk-14.0.1\bin\jli.dll
0x00007fff9b2f0000 - 0x00007fff9b39c000 	C:\WINDOWS\System32\ADVAPI32.dll
0x00007fff9a680000 - 0x00007fff9a71e000 	C:\WINDOWS\System32\msvcrt.dll
0x00007fff9ab50000 - 0x00007fff9abeb000 	C:\WINDOWS\System32\sechost.dll
0x00007fff9a720000 - 0x00007fff9a84a000 	C:\WINDOWS\System32\RPCRT4.dll
0x00007fff9adf0000 - 0x00007fff9af91000 	C:\WINDOWS\System32\USER32.dll
0x00007fff99c00000 - 0x00007fff99c22000 	C:\WINDOWS\System32\win32u.dll
0x00007fff9b890000 - 0x00007fff9b8bb000 	C:\WINDOWS\System32\GDI32.dll
0x00007fff99db0000 - 0x00007fff99ebb000 	C:\WINDOWS\System32\gdi32full.dll
0x00007fff99c30000 - 0x00007fff99ccd000 	C:\WINDOWS\System32\msvcp_win.dll
0x00007fff696c0000 - 0x00007fff696d5000 	C:\Program Files\Java\jdk-14.0.1\bin\VCRUNTIME140.dll
0x00007fff8e970000 - 0x00007fff8ec0a000 	C:\WINDOWS\WinSxS\amd64_microsoft.windows.common-controls_6595b64144ccf1df_6.0.19041.1110_none_60b5254171f9507e\COMCTL32.dll
0x00007fff93ef0000 - 0x00007fff93efa000 	C:\WINDOWS\SYSTEM32\VERSION.dll
0x00007fff9b210000 - 0x00007fff9b240000 	C:\WINDOWS\System32\IMM32.DLL
0x00007fff60470000 - 0x00007fff6050b000 	C:\Program Files\Java\jdk-14.0.1\bin\msvcp140.dll
0x00007fff642e0000 - 0x00007fff64dfe000 	C:\Program Files\Java\jdk-14.0.1\bin\server\jvm.dll
0x00007fff9b410000 - 0x00007fff9b418000 	C:\WINDOWS\System32\PSAPI.DLL
0x00007fff84960000 - 0x00007fff84969000 	C:\WINDOWS\SYSTEM32\WSOCK32.dll
0x00007fff945e0000 - 0x00007fff94607000 	C:\WINDOWS\SYSTEM32\WINMM.dll
0x00007fff9b3a0000 - 0x00007fff9b40b000 	C:\WINDOWS\System32\WS2_32.dll
0x00007fff984a0000 - 0x00007fff984b2000 	C:\WINDOWS\SYSTEM32\kernel.appcore.dll
0x00007fff94560000 - 0x00007fff9456a000 	C:\Program Files\Java\jdk-14.0.1\bin\jimage.dll
0x00007fff97f70000 - 0x00007fff98154000 	C:\WINDOWS\SYSTEM32\DBGHELP.DLL
0x00007fff81230000 - 0x00007fff8125c000 	C:\WINDOWS\SYSTEM32\dbgcore.DLL
0x00007fff99ec0000 - 0x00007fff99f43000 	C:\WINDOWS\System32\bcryptPrimitives.dll
0x00007fff71f20000 - 0x00007fff71f45000 	C:\Program Files\Java\jdk-14.0.1\bin\java.dll
0x00007fff79ff0000 - 0x00007fff7a006000 	C:\Program Files\Java\jdk-14.0.1\bin\zip.dll

dbghelp: loaded successfully - version: 4.0.5 - missing functions: none
symbol engine: initialized successfully - sym options: 0x614 - pdb path: .;C:\Program Files\Java\jdk-14.0.1\bin;C:\WINDOWS\SYSTEM32;C:\WINDOWS\WinSxS\amd64_microsoft.windows.common-controls_6595b64144ccf1df_6.0.19041.1110_none_60b5254171f9507e;C:\Program Files\Java\jdk-14.0.1\bin\server

VM Arguments:
jvm_args: -ea -Dfile.encoding=UTF-8 -XX:+ShowCodeDetailsInExceptionMessages 
java_command: org.eclipse.jdt.internal.junit.runner.RemoteTestRunner -version 3 -port 65458 -testLoaderClass org.eclipse.jdt.internal.junit5.runner.JUnit5TestLoader -loaderpluginname org.eclipse.jdt.junit5.runtime -classNames org.springframework.samples.petclinic.recoveryroom.Test4
java_class_path (initial): C:\DP-Proyectos\Githubproyects\control-check-g3-xiscomigueles\target\test-classes;C:\DP-Proyectos\Githubproyects\control-check-g3-xiscomigueles\target\classes;C:\Users\migue_\.m2\repository\org\springframework\boot\spring-boot-starter-cache\2.2.4.RELEASE\spring-boot-starter-cache-2.2.4.RELEASE.jar;C:\Users\migue_\.m2\repository\org\springframework\boot\spring-boot-starter\2.2.4.RELEASE\spring-boot-starter-2.2.4.RELEASE.jar;C:\Users\migue_\.m2\repository\org\springframework\boot\spring-boot-starter-logging\2.2.4.RELEASE\spring-boot-starter-logging-2.2.4.RELEASE.jar;C:\Users\migue_\.m2\repository\ch\qos\logback\logback-classic\1.2.3\logback-classic-1.2.3.jar;C:\Users\migue_\.m2\repository\ch\qos\logback\logback-core\1.2.3\logback-core-1.2.3.jar;C:\Users\migue_\.m2\repository\org\apache\logging\log4j\log4j-to-slf4j\2.12.1\log4j-to-slf4j-2.12.1.jar;C:\Users\migue_\.m2\repository\org\apache\logging\log4j\log4j-api\2.12.1\log4j-api-2.12.1.jar;C:\Users\migue_\.m2\repository\org\slf4j\jul-to-slf4j\1.7.30\jul-to-slf4j-1.7.30.jar;C:\Users\migue_\.m2\repository\jakarta\annotation\jakarta.annotation-api\1.3.5\jakarta.annotation-api-1.3.5.jar;C:\Users\migue_\.m2\repository\org\yaml\snakeyaml\1.25\snakeyaml-1.25.jar;C:\Users\migue_\.m2\repository\org\springframework\spring-context-support\5.2.3.RELEASE\spring-context-support-5.2.3.RELEASE.jar;C:\Users\migue_\.m2\repository\org\springframework\boot\spring-boot-starter-data-jpa\2.2.4.RELEASE\spring-boot-starter-data-jpa-2.2.4.RELEASE.jar;C:\Users\migue_\.m2\repository\org\springframework\boot\spring-boot-starter-aop\2.2.4.RELEASE\spring-boot-starter-aop-2.2.4.RELEASE.jar;C:\Users\migue_\.m2\repository\org\aspectj\aspectjweaver\1.9.5\aspectjweaver-1.9.5.jar;C:\Users\migue_\.m2\repository\org\springframework\boot\spring-boot-starter-jdbc\2.2.4.RELEASE\spring-boot-starter-jdbc-2.2.4.RELEASE.jar;C:\Users\migue_\.m2\repository\com\zaxxer\HikariCP\3.4.2\HikariCP-3.4.2.jar;C:\Users\migue_\.m2\repository\org\sp
Launcher Type: SUN_STANDARD

[Global flags]
     intx CICompilerCount                          = 3                                         {product} {ergonomic}
     uint ConcGCThreads                            = 1                                         {product} {ergonomic}
     uint G1ConcRefinementThreads                  = 4                                         {product} {ergonomic}
   size_t G1HeapRegionSize                         = 1048576                                   {product} {ergonomic}
    uintx GCDrainStackTargetSize                   = 64                                        {product} {ergonomic}
   size_t InitialHeapSize                          = 134217728                                 {product} {ergonomic}
   size_t MarkStackSize                            = 4194304                                   {product} {ergonomic}
   size_t MaxHeapSize                              = 2118123520                                {product} {ergonomic}
   size_t MinHeapDeltaBytes                        = 1048576                                   {product} {ergonomic}
   size_t MinHeapSize                              = 8388608                                   {product} {ergonomic}
    uintx NonNMethodCodeHeapSize                   = 5832780                                {pd product} {ergonomic}
    uintx NonProfiledCodeHeapSize                  = 122912730                              {pd product} {ergonomic}
    uintx ProfiledCodeHeapSize                     = 122912730                              {pd product} {ergonomic}
    uintx ReservedCodeCacheSize                    = 251658240                              {pd product} {ergonomic}
     bool SegmentedCodeCache                       = true                                      {product} {ergonomic}
     bool ShowCodeDetailsInExceptionMessages       = true                                   {manageable} {command line}
   size_t SoftMaxHeapSize                          = 2118123520                             {manageable} {ergonomic}
     bool UseCompressedClassPointers               = true                                 {lp64_product} {ergonomic}
     bool UseCompressedOops                        = true                                 {lp64_product} {ergonomic}
     bool UseG1GC                                  = true                                      {product} {ergonomic}
     bool UseLargePagesIndividualAllocation        = false                                  {pd product} {ergonomic}

Logging:
Log output configuration:
 #0: stdout all=warning uptime,level,tags
 #1: stderr all=off uptime,level,tags

Environment Variables:
JAVA_HOME=C:\Program Files\Java\jdk-14.0.1
PATH=C:/Program Files/Java/jdk-14.0.1/bin/server;C:/Program Files/Java/jdk-14.0.1/bin;C:\gurobi903\win64\bin;C:\Program Files\Python38\Scripts\;C:\Program Files\Python38\;C:\Program Files\Java\jdk-14.0.1\bin;C:\Program Files\Intel\iCLS Client\;C:\Windows\system32;C:\Windows;C:\Windows\System32\Wbem;C:\Windows\System32\WindowsPowerShell\v1.0\;C:\Program Files (x86)\Intel\Intel(R) Management Engine Components\DAL;C:\Program Files\Intel\Intel(R) Management Engine Components\DAL;C:\Program Files (x86)\Intel\Intel(R) Management Engine Components\IPT;C:\Program Files\Intel\Intel(R) Management Engine Components\IPT;C:\Program Files (x86)\NVIDIA Corporation\PhysX\Common;C:\WINDOWS\system32;C:\WINDOWS;C:\WINDOWS\System32\Wbem;C:\WINDOWS\System32\WindowsPowerShell\v1.0\;C:\WINDOWS\System32\OpenSSH\;C:\Program Files\Git\cmd;C:\MinGW\bin;C:\DP-Proyectos\Maven\apache-maven-3.8.2\bin;C:\Users\migue_\AppData\Local\Microsoft\WindowsApps;C:\VSCODE\Microsoft VS Code\bin;C:\Users\migue_\AppData\Local\GitHubDesktop\bin;C:\Users\migue_\OneDrive\Escritorio;
USERNAME=migue_
OS=Windows_NT
PROCESSOR_IDENTIFIER=Intel64 Family 6 Model 142 Stepping 9, GenuineIntel



---------------  S Y S T E M  ---------------

OS: Windows 10 , 64 bit Build 19041 (10.0.19041.1348)
OS uptime: 0 days 18:55 hours

CPU:total 4 (initial active 4) (2 cores per cpu, 2 threads per core) family 6 model 142 stepping 9, cmov, cx8, fxsr, mmx, sse, sse2, sse3, ssse3, sse4.1, sse4.2, popcnt, avx, avx2, aes, clmul, erms, 3dnowpref, lzcnt, ht, tsc, tscinvbit, bmi1, bmi2, adx, fma

Memory: 4k page, system-wide physical 8073M (1600M free)
TotalPageFile size 9978M (AvailPageFile size 131M)
current process WorkingSet (physical memory assigned to process): 10M, peak: 10M
current process commit charge ("private bytes"): 52M, peak: 179M

vm_info: Java HotSpot(TM) 64-Bit Server VM (14.0.1+7) for windows-amd64 JRE (14.0.1+7), built on Mar  5 2020 10:30:14 by "mach5one" with MS VC++ 15.9 (VS2017)

END.
